<?xml version="1.0" encoding="UTF-8"?>
<!-- Generated by org.testng.reporters.JUnitXMLReporter -->
<testsuite ignored="0" hostname="Matthew" failures="0" tests="7" name="Default test" time="2.691" errors="0" timestamp="2023-07-21T15:39:49 EDT">
  <testcase classname="api.BibleAPITest" name="getBookIDsCheck" time="1.305"/>
  <testcase classname="api.BibleAPITest" name="getBookLongNamesCheck" time="0.297"/>
  <testcase classname="api.BibleAPITest" name="getBookNamesCheck" time="0.237"/>
  <testcase classname="api.BibleAPITest" name="getChaptersAmount" time="0.286"/>
  <testcase classname="api.BibleAPITest" name="getChaptersNumber" time="0.225"/>
  <testcase classname="api.BibleAPITest" name="sixtySixGetBookLongNames" time="0.154"/>
  <testcase classname="api.BibleAPITest" name="sixtySixGetBookNames" time="0.124"/>
</testsuite> <!-- Default test -->
