<?xml version="1.0" encoding="UTF-8"?>
<!-- Generated by org.testng.reporters.JUnitXMLReporter -->
<testsuite ignored="0" hostname="Matthew" failures="0" tests="7" name="Default test" time="1.817" errors="0" timestamp="2023-07-27T11:25:35 EDT">
  <testcase classname="api.BibleAPITest" name="getBookIDsCheck" time="0.833"/>
  <testcase classname="api.BibleAPITest" name="getBookLongNamesCheck" time="0.207"/>
  <testcase classname="api.BibleAPITest" name="getBookNamesCheck" time="0.229"/>
  <testcase classname="api.BibleAPITest" name="getChaptersAmount" time="0.178"/>
  <testcase classname="api.BibleAPITest" name="getChaptersNumber" time="0.192"/>
  <testcase classname="api.BibleAPITest" name="sixtySixGetBookLongNames" time="0.055"/>
  <testcase classname="api.BibleAPITest" name="sixtySixGetBookNames" time="0.06"/>
</testsuite> <!-- Default test -->
